[debug] [2023-04-19T19:57:49.340Z] ----------------------------------------------------------------------
[debug] [2023-04-19T19:57:49.342Z] Command:       /Users/oliviawebster/.nvm/versions/node/v16.13.2/bin/node /Users/oliviawebster/.nvm/versions/node/v16.13.2/bin/firebase emulators:start
[debug] [2023-04-19T19:57:49.342Z] CLI Version:   11.28.0
[debug] [2023-04-19T19:57:49.342Z] Platform:      darwin
[debug] [2023-04-19T19:57:49.343Z] Node Version:  v16.13.2
[debug] [2023-04-19T19:57:49.351Z] Time:          Wed Apr 19 2023 13:57:49 GMT-0600 (Mountain Daylight Time)
[debug] [2023-04-19T19:57:49.352Z] ----------------------------------------------------------------------
[debug] 
[debug] [2023-04-19T19:57:49.442Z] > command requires scopes: ["email","openid","https://www.googleapis.com/auth/cloudplatformprojects.readonly","https://www.googleapis.com/auth/firebase","https://www.googleapis.com/auth/cloud-platform"]
[debug] [2023-04-19T19:57:49.442Z] > authorizing via signed-in user (oliviacweb@gmail.com)
[info] i  emulators: Starting emulators: functions {"metadata":{"emulator":{"name":"hub"},"message":"Starting emulators: functions"}}
[debug] [2023-04-19T19:57:49.772Z] [logging] Logging Emulator only supports listening on one address (127.0.0.1). Not listening on ::1
[debug] [2023-04-19T19:57:49.773Z] assigned listening specs for emulators {"user":{"hub":[{"address":"127.0.0.1","family":"IPv4","port":4400},{"address":"::1","family":"IPv6","port":4400}],"ui":[{"address":"127.0.0.1","family":"IPv4","port":4000},{"address":"::1","family":"IPv6","port":4000}],"logging":[{"address":"127.0.0.1","family":"IPv4","port":4500}]},"metadata":{"message":"assigned listening specs for emulators"}}
[debug] [2023-04-19T19:57:49.783Z] [hub] writing locator at /var/folders/zy/bbnnljm56xz6h6gqx63jv_gh0000gn/T/hub-travel-takehome.json
[debug] [2023-04-19T19:57:50.007Z] [functions] Functions Emulator only supports listening on one address (127.0.0.1). Not listening on ::1
[debug] [2023-04-19T19:57:50.007Z] [eventarc] Eventarc Emulator only supports listening on one address (127.0.0.1). Not listening on ::1
[debug] [2023-04-19T19:57:50.008Z] late-assigned ports for functions and eventarc emulators {"user":{"hub":[{"address":"127.0.0.1","family":"IPv4","port":4400},{"address":"::1","family":"IPv6","port":4400}],"ui":[{"address":"127.0.0.1","family":"IPv4","port":4000},{"address":"::1","family":"IPv6","port":4000}],"logging":[{"address":"127.0.0.1","family":"IPv4","port":4500}],"functions":[{"address":"127.0.0.1","family":"IPv4","port":5001}],"eventarc":[{"address":"127.0.0.1","family":"IPv4","port":9299}]},"metadata":{"message":"late-assigned ports for functions and eventarc emulators"}}
[warn] ⚠  functions: The following emulators are not running, calls to these services from the Functions emulator will affect production: auth, firestore, database, hosting, pubsub, storage {"metadata":{"emulator":{"name":"functions"},"message":"The following emulators are not running, calls to these services from the Functions emulator will affect production: \u001b[1mauth, firestore, database, hosting, pubsub, storage\u001b[22m"}}
[debug] [2023-04-19T19:57:50.013Z] defaultcredentials: writing to file /Users/oliviawebster/.config/firebase/oliviacweb_gmail_com_application_default_credentials.json
[debug] [2023-04-19T19:57:50.023Z] Setting GAC to /Users/oliviawebster/.config/firebase/oliviacweb_gmail_com_application_default_credentials.json {"metadata":{"emulator":{"name":"functions"},"message":"Setting GAC to /Users/oliviawebster/.config/firebase/oliviacweb_gmail_com_application_default_credentials.json"}}
[debug] [2023-04-19T19:57:50.025Z] >>> [apiv2][query] GET https://firebase.googleapis.com/v1beta1/projects/travel-takehome/adminSdkConfig [none]
[debug] [2023-04-19T19:57:50.304Z] <<< [apiv2][status] GET https://firebase.googleapis.com/v1beta1/projects/travel-takehome/adminSdkConfig 200
[debug] [2023-04-19T19:57:50.304Z] <<< [apiv2][body] GET https://firebase.googleapis.com/v1beta1/projects/travel-takehome/adminSdkConfig {"projectId":"travel-takehome","databaseURL":"https://travel-takehome-default-rtdb.firebaseio.com","storageBucket":"travel-takehome.appspot.com"}
[info] i  ui: downloading ui-v1.11.5.zip... {"metadata":{"emulator":{"name":"ui"},"message":"downloading ui-v1.11.5.zip..."}}
[debug] [2023-04-19T19:57:50.354Z] >>> [apiv2][query] GET https://storage.googleapis.com/firebase-preview-drop/emulator/ui-v1.11.5.zip 
[debug] [2023-04-19T19:57:50.544Z] <<< [apiv2][status] GET https://storage.googleapis.com/firebase-preview-drop/emulator/ui-v1.11.5.zip 200
[debug] [2023-04-19T19:57:50.544Z] <<< [apiv2][body] GET https://storage.googleapis.com/firebase-preview-drop/emulator/ui-v1.11.5.zip [stream]
[debug] [2023-04-19T19:57:53.016Z] Ignoring unsupported arg: auto_download {"metadata":{"emulator":{"name":"ui"},"message":"Ignoring unsupported arg: auto_download"}}
[debug] [2023-04-19T19:57:53.016Z] Ignoring unsupported arg: port {"metadata":{"emulator":{"name":"ui"},"message":"Ignoring unsupported arg: port"}}
[debug] [2023-04-19T19:57:53.016Z] Starting Emulator UI with command {"binary":"node","args":["/Users/oliviawebster/.cache/firebase/emulators/ui-v1.11.5/server/server.js"],"optionalArgs":[],"joinArgs":false} {"metadata":{"emulator":{"name":"ui"},"message":"Starting Emulator UI with command {\"binary\":\"node\",\"args\":[\"/Users/oliviawebster/.cache/firebase/emulators/ui-v1.11.5/server/server.js\"],\"optionalArgs\":[],\"joinArgs\":false}"}}
[info] i  ui: Emulator UI logging to ui-debug.log {"metadata":{"emulator":{"name":"ui"},"message":"Emulator UI logging to \u001b[1mui-debug.log\u001b[22m"}}
[debug] [2023-04-19T19:57:53.172Z] Web / API server started at 127.0.0.1:4000
 {"metadata":{"emulator":{"name":"ui"},"message":"Web / API server started at 127.0.0.1:4000\n"}}
[debug] [2023-04-19T19:57:53.172Z] Web / API server started at ::1:4000
 {"metadata":{"emulator":{"name":"ui"},"message":"Web / API server started at ::1:4000\n"}}
[info] i  functions: Watching "/Users/oliviawebster/abode-app/abode-takehome/functions" for Cloud Functions... {"metadata":{"emulator":{"name":"functions"},"message":"Watching \"/Users/oliviawebster/abode-app/abode-takehome/functions\" for Cloud Functions..."}}
[debug] [2023-04-19T19:57:53.297Z] Validating nodejs source
[debug] [2023-04-19T19:57:54.262Z] > [functions] package.json contents: {
  "name": "functions",
  "description": "Cloud Functions for Firebase",
  "scripts": {
    "lint": "eslint .",
    "serve": "firebase emulators:start --only functions",
    "shell": "firebase functions:shell",
    "start": "npm run shell",
    "deploy": "firebase deploy --only functions",
    "logs": "firebase functions:log"
  },
  "engines": {
    "node": "16"
  },
  "main": "index.js",
  "dependencies": {
    "axios": "^1.3.6",
    "cors": "^2.8.5",
    "firebase-admin": "^11.5.0",
    "firebase-functions": "^4.2.0"
  },
  "devDependencies": {
    "eslint": "^8.15.0",
    "eslint-config-google": "^0.14.0",
    "firebase-functions-test": "^3.0.0"
  },
  "private": true
}
[debug] [2023-04-19T19:57:54.263Z] Building nodejs source
[debug] [2023-04-19T19:57:54.263Z] Failed to find version of module node: reached end of search path /Users/oliviawebster/abode-app/abode-takehome/functions/node_modules
[info] ✔  functions: Using node@16 from host. 
[debug] [2023-04-19T19:57:54.267Z] Could not find functions.yaml. Must use http discovery
[debug] [2023-04-19T19:57:54.275Z] Found firebase-functions binary at '/Users/oliviawebster/abode-app/abode-takehome/functions/node_modules/.bin/firebase-functions'
[debug] [2023-04-19T19:57:54.751Z] Serving at port 8123

[debug] [2023-04-19T19:57:55.226Z] Got response from /__/functions.yaml {"endpoints":{"createCity":{"platform":"gcfv1","availableMemoryMb":null,"timeoutSeconds":null,"minInstances":null,"maxInstances":null,"ingressSettings":null,"serviceAccountEmail":null,"vpc":null,"httpsTrigger":{},"entryPoint":"createCity"}},"specVersion":"v1alpha1","requiredAPIs":[]}
[debug] [2023-04-19T19:57:55.236Z] shutdown requested via /__/quitquitquit

[info] ✔  functions: Loaded functions definitions from source: createCity. {"metadata":{"emulator":{"name":"functions"},"message":"Loaded functions definitions from source: createCity."}}
[info] ✔  functions[us-central1-createCity]: http function initialized (http://127.0.0.1:5001/travel-takehome/us-central1/createCity). {"metadata":{"emulator":{"name":"functions"},"message":"\u001b[1mhttp\u001b[22m function initialized (http://127.0.0.1:5001/travel-takehome/us-central1/createCity)."}}
[info] 
┌─────────────────────────────────────────────────────────────┐
│ ✔  All emulators ready! It is now safe to connect your app. │
│ i  View Emulator UI at http://127.0.0.1:4000/               │
└─────────────────────────────────────────────────────────────┘

┌───────────┬────────────────┬─────────────────────────────────┐
│ Emulator  │ Host:Port      │ View in Emulator UI             │
├───────────┼────────────────┼─────────────────────────────────┤
│ Functions │ 127.0.0.1:5001 │ http://127.0.0.1:4000/functions │
└───────────┴────────────────┴─────────────────────────────────┘
  Emulator Hub running at 127.0.0.1:4400
  Other reserved ports: 4500

Issues? Report them at https://github.com/firebase/firebase-tools/issues and attach the *-debug.log files.
 
[debug] [2023-04-19T19:58:42.595Z] [work-queue] {"queuedWork":["/travel-takehome/us-central1/createCity-2023-04-19T19:58:42.594Z"],"queueLength":1,"runningWork":[],"workRunningCount":0}
[debug] [2023-04-19T19:58:42.595Z] [work-queue] {"queuedWork":[],"queueLength":0,"runningWork":["/travel-takehome/us-central1/createCity-2023-04-19T19:58:42.594Z"],"workRunningCount":1}
[debug] [2023-04-19T19:58:42.596Z] Accepted request GET /travel-takehome/us-central1/createCity --> us-central1-createCity
[debug] [2023-04-19T19:58:42.602Z] [functions] Runtime ready! Sending request! {"metadata":{"emulator":{"name":"functions"},"message":"[functions] Runtime ready! Sending request!"}}
[debug] [2023-04-19T19:58:42.603Z] [functions] Got req.url=/travel-takehome/us-central1/createCity, mapping to path=/ {"metadata":{"emulator":{"name":"functions"},"message":"[functions] Got req.url=/travel-takehome/us-central1/createCity, mapping to path=/"}}
[debug] [2023-04-19T19:58:42.619Z] [worker-pool] addWorker(us-central1-createCity) {"metadata":{"emulator":{"name":"functions"},"message":"[worker-pool] addWorker(us-central1-createCity)"}}
[debug] [2023-04-19T19:58:42.622Z] [worker-pool] Adding worker with key us-central1-createCity, total=1 {"metadata":{"emulator":{"name":"functions"},"message":"[worker-pool] Adding worker with key us-central1-createCity, total=1"}}
[debug] [2023-04-19T19:58:44.307Z] [runtime-status] [98175] Resolved module firebase-admin {"declared":true,"installed":true,"version":"11.7.0","resolution":"/Users/oliviawebster/abode-app/abode-takehome/functions/node_modules/firebase-admin/lib/index.js"} {"metadata":{"emulator":{"name":"functions"},"function":{"name":"us-central1-createCity"},"extension":{},"message":"[runtime-status] [98175] Resolved module firebase-admin {\"declared\":true,\"installed\":true,\"version\":\"11.7.0\",\"resolution\":\"/Users/oliviawebster/abode-app/abode-takehome/functions/node_modules/firebase-admin/lib/index.js\"}"}}
[debug] [2023-04-19T19:58:44.309Z] [runtime-status] [98175] Resolved module firebase-functions {"declared":true,"installed":true,"version":"4.3.0","resolution":"/Users/oliviawebster/abode-app/abode-takehome/functions/node_modules/firebase-functions/lib/v1/index.js"} {"metadata":{"emulator":{"name":"functions"},"function":{"name":"us-central1-createCity"},"extension":{},"message":"[runtime-status] [98175] Resolved module firebase-functions {\"declared\":true,\"installed\":true,\"version\":\"4.3.0\",\"resolution\":\"/Users/oliviawebster/abode-app/abode-takehome/functions/node_modules/firebase-functions/lib/v1/index.js\"}"}}
[debug] [2023-04-19T19:58:44.309Z] [runtime-status] [98175] Outgoing network have been stubbed. [{"name":"http","status":"mocked"},{"name":"http","status":"mocked"},{"name":"https","status":"mocked"},{"name":"https","status":"mocked"},{"name":"net","status":"mocked"}] {"metadata":{"emulator":{"name":"functions"},"function":{"name":"us-central1-createCity"},"extension":{},"message":"[runtime-status] [98175] Outgoing network have been stubbed. [{\"name\":\"http\",\"status\":\"mocked\"},{\"name\":\"http\",\"status\":\"mocked\"},{\"name\":\"https\",\"status\":\"mocked\"},{\"name\":\"https\",\"status\":\"mocked\"},{\"name\":\"net\",\"status\":\"mocked\"}]"}}
[debug] [2023-04-19T19:58:44.310Z] [runtime-status] [98175] Resolved module firebase-functions {"declared":true,"installed":true,"version":"4.3.0","resolution":"/Users/oliviawebster/abode-app/abode-takehome/functions/node_modules/firebase-functions/lib/v1/index.js"} {"metadata":{"emulator":{"name":"functions"},"function":{"name":"us-central1-createCity"},"extension":{},"message":"[runtime-status] [98175] Resolved module firebase-functions {\"declared\":true,\"installed\":true,\"version\":\"4.3.0\",\"resolution\":\"/Users/oliviawebster/abode-app/abode-takehome/functions/node_modules/firebase-functions/lib/v1/index.js\"}"}}
[debug] [2023-04-19T19:58:44.611Z] [runtime-status] [98175] Checked functions.config() {"config":{}} {"metadata":{"emulator":{"name":"functions"},"function":{"name":"us-central1-createCity"},"extension":{},"message":"[runtime-status] [98175] Checked functions.config() {\"config\":{}}"}}
[debug] [2023-04-19T19:58:44.611Z] [runtime-status] [98175] firebase-functions has been stubbed. {"functionsResolution":{"declared":true,"installed":true,"version":"4.3.0","resolution":"/Users/oliviawebster/abode-app/abode-takehome/functions/node_modules/firebase-functions/lib/v1/index.js"}} {"metadata":{"emulator":{"name":"functions"},"function":{"name":"us-central1-createCity"},"extension":{},"message":"[runtime-status] [98175] firebase-functions has been stubbed. {\"functionsResolution\":{\"declared\":true,\"installed\":true,\"version\":\"4.3.0\",\"resolution\":\"/Users/oliviawebster/abode-app/abode-takehome/functions/node_modules/firebase-functions/lib/v1/index.js\"}}"}}
[debug] [2023-04-19T19:58:44.611Z] [runtime-status] [98175] Resolved module firebase-functions {"declared":true,"installed":true,"version":"4.3.0","resolution":"/Users/oliviawebster/abode-app/abode-takehome/functions/node_modules/firebase-functions/lib/v1/index.js"} {"metadata":{"emulator":{"name":"functions"},"function":{"name":"us-central1-createCity"},"extension":{},"message":"[runtime-status] [98175] Resolved module firebase-functions {\"declared\":true,\"installed\":true,\"version\":\"4.3.0\",\"resolution\":\"/Users/oliviawebster/abode-app/abode-takehome/functions/node_modules/firebase-functions/lib/v1/index.js\"}"}}
[debug] [2023-04-19T19:58:44.612Z] [runtime-status] [98175] Resolved module firebase-admin {"declared":true,"installed":true,"version":"11.7.0","resolution":"/Users/oliviawebster/abode-app/abode-takehome/functions/node_modules/firebase-admin/lib/index.js"} {"metadata":{"emulator":{"name":"functions"},"function":{"name":"us-central1-createCity"},"extension":{},"message":"[runtime-status] [98175] Resolved module firebase-admin {\"declared\":true,\"installed\":true,\"version\":\"11.7.0\",\"resolution\":\"/Users/oliviawebster/abode-app/abode-takehome/functions/node_modules/firebase-admin/lib/index.js\"}"}}
[debug] [2023-04-19T19:58:44.615Z] [runtime-status] [98175] Resolved module firebase-functions {"declared":true,"installed":true,"version":"4.3.0","resolution":"/Users/oliviawebster/abode-app/abode-takehome/functions/node_modules/firebase-functions/lib/v1/index.js"} {"metadata":{"emulator":{"name":"functions"},"function":{"name":"us-central1-createCity"},"extension":{},"message":"[runtime-status] [98175] Resolved module firebase-functions {\"declared\":true,\"installed\":true,\"version\":\"4.3.0\",\"resolution\":\"/Users/oliviawebster/abode-app/abode-takehome/functions/node_modules/firebase-functions/lib/v1/index.js\"}"}}
[debug] [2023-04-19T19:58:44.616Z] [runtime-status] [98175] firebase-admin has been stubbed. {"adminResolution":{"declared":true,"installed":true,"version":"11.7.0","resolution":"/Users/oliviawebster/abode-app/abode-takehome/functions/node_modules/firebase-admin/lib/index.js"}} {"metadata":{"emulator":{"name":"functions"},"function":{"name":"us-central1-createCity"},"extension":{},"message":"[runtime-status] [98175] firebase-admin has been stubbed. {\"adminResolution\":{\"declared\":true,\"installed\":true,\"version\":\"11.7.0\",\"resolution\":\"/Users/oliviawebster/abode-app/abode-takehome/functions/node_modules/firebase-admin/lib/index.js\"}}"}}
[debug] [2023-04-19T19:58:44.640Z] [runtime-status] [98175] initializeApp(DEFAULT) {"storageBucket":"travel-takehome.appspot.com","databaseURL":"https://travel-takehome-default-rtdb.firebaseio.com","projectId":"travel-takehome"} {"metadata":{"emulator":{"name":"functions"},"function":{"name":"us-central1-createCity"},"extension":{},"message":"[runtime-status] [98175] initializeApp(DEFAULT) {\"storageBucket\":\"travel-takehome.appspot.com\",\"databaseURL\":\"https://travel-takehome-default-rtdb.firebaseio.com\",\"projectId\":\"travel-takehome\"}"}}
[debug] [2023-04-19T19:58:44.645Z] [runtime-status] [98175] Functions runtime initialized. {"cwd":"/Users/oliviawebster/abode-app/abode-takehome/functions","node_version":"16.13.2"} {"metadata":{"emulator":{"name":"functions"},"function":{"name":"us-central1-createCity"},"extension":{},"message":"[runtime-status] [98175] Functions runtime initialized. {\"cwd\":\"/Users/oliviawebster/abode-app/abode-takehome/functions\",\"node_version\":\"16.13.2\"}"}}
[debug] [2023-04-19T19:58:44.645Z] [runtime-status] [98175] Listening to port: /var/folders/zy/bbnnljm56xz6h6gqx63jv_gh0000gn/T/fire_emu_e2065ce6b780a8db.sock {"metadata":{"emulator":{"name":"functions"},"function":{"name":"us-central1-createCity"},"extension":{},"message":"[runtime-status] [98175] Listening to port: /var/folders/zy/bbnnljm56xz6h6gqx63jv_gh0000gn/T/fire_emu_e2065ce6b780a8db.sock"}}
[debug] [2023-04-19T19:58:44.658Z] [worker-us-central1-createCity-ed6569bf-74a8-4613-af1a-6cf8b7218f02]: IDLE {"metadata":{"emulator":{"name":"functions"},"function":{"name":"us-central1-createCity"},"extension":{},"message":"[worker-us-central1-createCity-ed6569bf-74a8-4613-af1a-6cf8b7218f02]: IDLE"}}
[debug] [2023-04-19T19:58:44.659Z] [worker-pool] submitRequest(triggerId=us-central1-createCity) {"metadata":{"emulator":{"name":"functions"},"message":"[worker-pool] submitRequest(triggerId=us-central1-createCity)"}}
[info] i  functions: Beginning execution of "us-central1-createCity" {"metadata":{"emulator":{"name":"functions"},"function":{"name":"us-central1-createCity"},"extension":{},"message":"Beginning execution of \"us-central1-createCity\""}}
[debug] [2023-04-19T19:58:44.659Z] [worker-us-central1-createCity-ed6569bf-74a8-4613-af1a-6cf8b7218f02]: BUSY {"metadata":{"emulator":{"name":"functions"},"function":{"name":"us-central1-createCity"},"extension":{},"message":"[worker-us-central1-createCity-ed6569bf-74a8-4613-af1a-6cf8b7218f02]: BUSY"}}
[warn] ⚠  functions: The Realtime Database emulator is not running, so calls to Realtime Database will affect production. {"metadata":{"emulator":{"name":"functions"},"function":{"name":"us-central1-createCity"},"extension":{},"message":"The Realtime Database emulator is not running, so calls to Realtime Database will affect production."}}
[info] i  functions: Finished "us-central1-createCity" in 1957.7704509999999ms {"metadata":{"emulator":{"name":"functions"},"function":{"name":"us-central1-createCity"},"extension":{},"message":"Finished \"us-central1-createCity\" in 1957.7704509999999ms"}}
[debug] [2023-04-19T19:58:46.618Z] [worker-us-central1-createCity-ed6569bf-74a8-4613-af1a-6cf8b7218f02]: IDLE {"metadata":{"emulator":{"name":"functions"},"function":{"name":"us-central1-createCity"},"extension":{},"message":"[worker-us-central1-createCity-ed6569bf-74a8-4613-af1a-6cf8b7218f02]: IDLE"}}
[debug] [2023-04-19T19:58:46.618Z] [work-queue] {"queuedWork":[],"queueLength":0,"runningWork":[],"workRunningCount":0}
[debug] [2023-04-19T19:58:47.057Z] Functions emulator received unknown request at path /favicon.ico
[debug] [2023-04-19T19:58:58.502Z] [work-queue] {"queuedWork":["/travel-takehome/us-central1/createCity-2023-04-19T19:58:58.502Z"],"queueLength":1,"runningWork":[],"workRunningCount":0}
[debug] [2023-04-19T19:58:58.503Z] [work-queue] {"queuedWork":[],"queueLength":0,"runningWork":["/travel-takehome/us-central1/createCity-2023-04-19T19:58:58.502Z"],"workRunningCount":1}
[debug] [2023-04-19T19:58:58.503Z] Accepted request GET /travel-takehome/us-central1/createCity --> us-central1-createCity
[debug] [2023-04-19T19:58:58.508Z] [functions] Runtime ready! Sending request! {"metadata":{"emulator":{"name":"functions"},"message":"[functions] Runtime ready! Sending request!"}}
[debug] [2023-04-19T19:58:58.508Z] [functions] Got req.url=/travel-takehome/us-central1/createCity, mapping to path=/ {"metadata":{"emulator":{"name":"functions"},"message":"[functions] Got req.url=/travel-takehome/us-central1/createCity, mapping to path=/"}}
[debug] [2023-04-19T19:58:58.508Z] [worker-pool] submitRequest(triggerId=us-central1-createCity) {"metadata":{"emulator":{"name":"functions"},"message":"[worker-pool] submitRequest(triggerId=us-central1-createCity)"}}
[info] i  functions: Beginning execution of "us-central1-createCity" {"metadata":{"emulator":{"name":"functions"},"function":{"name":"us-central1-createCity"},"extension":{},"message":"Beginning execution of \"us-central1-createCity\""}}
[debug] [2023-04-19T19:58:58.509Z] [worker-us-central1-createCity-ed6569bf-74a8-4613-af1a-6cf8b7218f02]: BUSY {"metadata":{"emulator":{"name":"functions"},"function":{"name":"us-central1-createCity"},"extension":{},"message":"[worker-us-central1-createCity-ed6569bf-74a8-4613-af1a-6cf8b7218f02]: BUSY"}}
[info] i  functions: Finished "us-central1-createCity" in 799.160997ms {"metadata":{"emulator":{"name":"functions"},"function":{"name":"us-central1-createCity"},"extension":{},"message":"Finished \"us-central1-createCity\" in 799.160997ms"}}
[debug] [2023-04-19T19:58:59.308Z] [worker-us-central1-createCity-ed6569bf-74a8-4613-af1a-6cf8b7218f02]: IDLE {"metadata":{"emulator":{"name":"functions"},"function":{"name":"us-central1-createCity"},"extension":{},"message":"[worker-us-central1-createCity-ed6569bf-74a8-4613-af1a-6cf8b7218f02]: IDLE"}}
[debug] [2023-04-19T19:58:59.308Z] [work-queue] {"queuedWork":[],"queueLength":0,"runningWork":[],"workRunningCount":0}
[debug] [2023-04-19T19:59:01.365Z] [work-queue] {"queuedWork":["/travel-takehome/us-central1/createCity-2023-04-19T19:59:01.365Z"],"queueLength":1,"runningWork":[],"workRunningCount":0}
[debug] [2023-04-19T19:59:01.365Z] [work-queue] {"queuedWork":[],"queueLength":0,"runningWork":["/travel-takehome/us-central1/createCity-2023-04-19T19:59:01.365Z"],"workRunningCount":1}
[debug] [2023-04-19T19:59:01.365Z] Accepted request GET /travel-takehome/us-central1/createCity --> us-central1-createCity
[debug] [2023-04-19T19:59:01.368Z] [functions] Runtime ready! Sending request! {"metadata":{"emulator":{"name":"functions"},"message":"[functions] Runtime ready! Sending request!"}}
[debug] [2023-04-19T19:59:01.368Z] [functions] Got req.url=/travel-takehome/us-central1/createCity, mapping to path=/ {"metadata":{"emulator":{"name":"functions"},"message":"[functions] Got req.url=/travel-takehome/us-central1/createCity, mapping to path=/"}}
[debug] [2023-04-19T19:59:01.369Z] [worker-pool] submitRequest(triggerId=us-central1-createCity) {"metadata":{"emulator":{"name":"functions"},"message":"[worker-pool] submitRequest(triggerId=us-central1-createCity)"}}
[info] i  functions: Beginning execution of "us-central1-createCity" {"metadata":{"emulator":{"name":"functions"},"function":{"name":"us-central1-createCity"},"extension":{},"message":"Beginning execution of \"us-central1-createCity\""}}
[debug] [2023-04-19T19:59:01.369Z] [worker-us-central1-createCity-ed6569bf-74a8-4613-af1a-6cf8b7218f02]: BUSY {"metadata":{"emulator":{"name":"functions"},"function":{"name":"us-central1-createCity"},"extension":{},"message":"[worker-us-central1-createCity-ed6569bf-74a8-4613-af1a-6cf8b7218f02]: BUSY"}}
[info] i  functions: Finished "us-central1-createCity" in 655.562469ms {"metadata":{"emulator":{"name":"functions"},"function":{"name":"us-central1-createCity"},"extension":{},"message":"Finished \"us-central1-createCity\" in 655.562469ms"}}
[debug] [2023-04-19T19:59:02.025Z] [worker-us-central1-createCity-ed6569bf-74a8-4613-af1a-6cf8b7218f02]: IDLE {"metadata":{"emulator":{"name":"functions"},"function":{"name":"us-central1-createCity"},"extension":{},"message":"[worker-us-central1-createCity-ed6569bf-74a8-4613-af1a-6cf8b7218f02]: IDLE"}}
[debug] [2023-04-19T19:59:02.026Z] [work-queue] {"queuedWork":[],"queueLength":0,"runningWork":[],"workRunningCount":0}
[debug] [2023-04-19T22:35:06.336Z] File /Users/oliviawebster/abode-app/abode-takehome/functions/index.js changed, reloading triggers {"metadata":{"emulator":{"name":"functions"},"message":"File /Users/oliviawebster/abode-app/abode-takehome/functions/index.js changed, reloading triggers"}}
[debug] [2023-04-19T22:35:07.376Z] Validating nodejs source
[debug] [2023-04-19T22:35:09.068Z] > [functions] package.json contents: {
  "name": "functions",
  "description": "Cloud Functions for Firebase",
  "scripts": {
    "lint": "eslint .",
    "serve": "firebase emulators:start --only functions",
    "shell": "firebase functions:shell",
    "start": "npm run shell",
    "deploy": "firebase deploy --only functions",
    "logs": "firebase functions:log"
  },
  "engines": {
    "node": "16"
  },
  "main": "index.js",
  "dependencies": {
    "axios": "^1.3.6",
    "cors": "^2.8.5",
    "firebase-admin": "^11.5.0",
    "firebase-functions": "^4.2.0"
  },
  "devDependencies": {
    "eslint": "^8.15.0",
    "eslint-config-google": "^0.14.0",
    "firebase-functions-test": "^3.0.0"
  },
  "private": true
}
[debug] [2023-04-19T22:35:09.076Z] Building nodejs source
[debug] [2023-04-19T22:35:09.076Z] Failed to find version of module node: reached end of search path /Users/oliviawebster/abode-app/abode-takehome/functions/node_modules
[info] ✔  functions: Using node@16 from host. 
[debug] [2023-04-19T22:35:09.082Z] Could not find functions.yaml. Must use http discovery
[debug] [2023-04-19T22:35:09.090Z] Found firebase-functions binary at '/Users/oliviawebster/abode-app/abode-takehome/functions/node_modules/.bin/firebase-functions'
[debug] [2023-04-19T22:35:09.391Z] Serving at port 8664

[debug] [2023-04-19T22:35:10.103Z] Got response from /__/functions.yaml {"endpoints":{"createCity":{"platform":"gcfv1","availableMemoryMb":null,"timeoutSeconds":null,"minInstances":null,"maxInstances":null,"ingressSettings":null,"serviceAccountEmail":null,"vpc":null,"httpsTrigger":{},"entryPoint":"createCity"}},"specVersion":"v1alpha1","requiredAPIs":[]}
[debug] [2023-04-19T22:35:10.110Z] shutdown requested via /__/quitquitquit

[info] ✔  functions: Loaded functions definitions from source: createCity. {"metadata":{"emulator":{"name":"functions"},"message":"Loaded functions definitions from source: createCity."}}
[debug] [2023-04-19T22:35:10.127Z] [worker-pool] Shutting down IDLE worker (us-central1-createCity) {"metadata":{"emulator":{"name":"functions"},"message":"[worker-pool] Shutting down IDLE worker (us-central1-createCity)"}}
[debug] [2023-04-19T22:35:10.127Z] [worker-us-central1-createCity-ed6569bf-74a8-4613-af1a-6cf8b7218f02]: FINISHING {"metadata":{"emulator":{"name":"functions"},"function":{"name":"us-central1-createCity"},"extension":{},"message":"[worker-us-central1-createCity-ed6569bf-74a8-4613-af1a-6cf8b7218f02]: FINISHING"}}
[debug] [2023-04-19T22:35:10.136Z] [worker-us-central1-createCity-ed6569bf-74a8-4613-af1a-6cf8b7218f02]: exited {"metadata":{"emulator":{"name":"functions"},"function":{"name":"us-central1-createCity"},"extension":{},"message":"[worker-us-central1-createCity-ed6569bf-74a8-4613-af1a-6cf8b7218f02]: exited"}}
[debug] [2023-04-19T22:35:10.136Z] [worker-us-central1-createCity-ed6569bf-74a8-4613-af1a-6cf8b7218f02]: FINISHED {"metadata":{"emulator":{"name":"functions"},"function":{"name":"us-central1-createCity"},"extension":{},"message":"[worker-us-central1-createCity-ed6569bf-74a8-4613-af1a-6cf8b7218f02]: FINISHED"}}
[debug] [2023-04-19T22:35:31.672Z] File /Users/oliviawebster/abode-app/abode-takehome/functions/index.js changed, reloading triggers {"metadata":{"emulator":{"name":"functions"},"message":"File /Users/oliviawebster/abode-app/abode-takehome/functions/index.js changed, reloading triggers"}}
[debug] [2023-04-19T22:35:32.672Z] Validating nodejs source
[debug] [2023-04-19T22:35:34.352Z] > [functions] package.json contents: {
  "name": "functions",
  "description": "Cloud Functions for Firebase",
  "scripts": {
    "lint": "eslint .",
    "serve": "firebase emulators:start --only functions",
    "shell": "firebase functions:shell",
    "start": "npm run shell",
    "deploy": "firebase deploy --only functions",
    "logs": "firebase functions:log"
  },
  "engines": {
    "node": "16"
  },
  "main": "index.js",
  "dependencies": {
    "axios": "^1.3.6",
    "cors": "^2.8.5",
    "firebase-admin": "^11.5.0",
    "firebase-functions": "^4.2.0"
  },
  "devDependencies": {
    "eslint": "^8.15.0",
    "eslint-config-google": "^0.14.0",
    "firebase-functions-test": "^3.0.0"
  },
  "private": true
}
[debug] [2023-04-19T22:35:34.353Z] Building nodejs source
[debug] [2023-04-19T22:35:34.353Z] Failed to find version of module node: reached end of search path /Users/oliviawebster/abode-app/abode-takehome/functions/node_modules
[info] ✔  functions: Using node@16 from host. 
[debug] [2023-04-19T22:35:34.355Z] File /Users/oliviawebster/abode-app/abode-takehome/functions/index.js changed, reloading triggers {"metadata":{"emulator":{"name":"functions"},"message":"File /Users/oliviawebster/abode-app/abode-takehome/functions/index.js changed, reloading triggers"}}
[debug] [2023-04-19T22:35:34.355Z] Could not find functions.yaml. Must use http discovery
[debug] [2023-04-19T22:35:34.357Z] Found firebase-functions binary at '/Users/oliviawebster/abode-app/abode-takehome/functions/node_modules/.bin/firebase-functions'
[debug] [2023-04-19T22:35:34.500Z] Serving at port 8205

[debug] [2023-04-19T22:35:34.678Z] File /Users/oliviawebster/abode-app/abode-takehome/functions/index.js changed, reloading triggers {"metadata":{"emulator":{"name":"functions"},"message":"File /Users/oliviawebster/abode-app/abode-takehome/functions/index.js changed, reloading triggers"}}
[debug] [2023-04-19T22:35:34.704Z] Got response from /__/functions.yaml {"endpoints":{"createCity":{"platform":"gcfv1","availableMemoryMb":null,"timeoutSeconds":null,"minInstances":null,"maxInstances":null,"ingressSettings":null,"serviceAccountEmail":null,"vpc":null,"httpsTrigger":{},"entryPoint":"createCity"}},"specVersion":"v1alpha1","requiredAPIs":[]}
[debug] [2023-04-19T22:35:34.709Z] shutdown requested via /__/quitquitquit

[info] ✔  functions: Loaded functions definitions from source: createCity. {"metadata":{"emulator":{"name":"functions"},"message":"Loaded functions definitions from source: createCity."}}
[debug] [2023-04-19T22:35:35.679Z] Validating nodejs source
[debug] [2023-04-19T22:35:37.779Z] > [functions] package.json contents: {
  "name": "functions",
  "description": "Cloud Functions for Firebase",
  "scripts": {
    "lint": "eslint .",
    "serve": "firebase emulators:start --only functions",
    "shell": "firebase functions:shell",
    "start": "npm run shell",
    "deploy": "firebase deploy --only functions",
    "logs": "firebase functions:log"
  },
  "engines": {
    "node": "16"
  },
  "main": "index.js",
  "dependencies": {
    "axios": "^1.3.6",
    "cors": "^2.8.5",
    "firebase-admin": "^11.5.0",
    "firebase-functions": "^4.2.0"
  },
  "devDependencies": {
    "eslint": "^8.15.0",
    "eslint-config-google": "^0.14.0",
    "firebase-functions-test": "^3.0.0"
  },
  "private": true
}
[debug] [2023-04-19T22:35:37.780Z] Building nodejs source
[debug] [2023-04-19T22:35:37.780Z] Failed to find version of module node: reached end of search path /Users/oliviawebster/abode-app/abode-takehome/functions/node_modules
[info] ✔  functions: Using node@16 from host. 
[debug] [2023-04-19T22:35:37.782Z] File /Users/oliviawebster/abode-app/abode-takehome/functions/index.js changed, reloading triggers {"metadata":{"emulator":{"name":"functions"},"message":"File /Users/oliviawebster/abode-app/abode-takehome/functions/index.js changed, reloading triggers"}}
[debug] [2023-04-19T22:35:37.783Z] Could not find functions.yaml. Must use http discovery
[debug] [2023-04-19T22:35:37.784Z] Found firebase-functions binary at '/Users/oliviawebster/abode-app/abode-takehome/functions/node_modules/.bin/firebase-functions'
[debug] [2023-04-19T22:35:37.944Z] Serving at port 8179

[debug] [2023-04-19T22:35:38.139Z] Got response from /__/functions.yaml {"endpoints":{"createCity":{"platform":"gcfv1","availableMemoryMb":null,"timeoutSeconds":null,"minInstances":null,"maxInstances":null,"ingressSettings":null,"serviceAccountEmail":null,"vpc":null,"httpsTrigger":{},"entryPoint":"createCity"}},"specVersion":"v1alpha1","requiredAPIs":[]}
[debug] [2023-04-19T22:35:38.143Z] shutdown requested via /__/quitquitquit

[info] ✔  functions: Loaded functions definitions from source: createCity. {"metadata":{"emulator":{"name":"functions"},"message":"Loaded functions definitions from source: createCity."}}
[debug] [2023-04-19T22:35:38.783Z] Validating nodejs source
[debug] [2023-04-19T22:35:39.896Z] > [functions] package.json contents: {
  "name": "functions",
  "description": "Cloud Functions for Firebase",
  "scripts": {
    "lint": "eslint .",
    "serve": "firebase emulators:start --only functions",
    "shell": "firebase functions:shell",
    "start": "npm run shell",
    "deploy": "firebase deploy --only functions",
    "logs": "firebase functions:log"
  },
  "engines": {
    "node": "16"
  },
  "main": "index.js",
  "dependencies": {
    "axios": "^1.3.6",
    "cors": "^2.8.5",
    "firebase-admin": "^11.5.0",
    "firebase-functions": "^4.2.0"
  },
  "devDependencies": {
    "eslint": "^8.15.0",
    "eslint-config-google": "^0.14.0",
    "firebase-functions-test": "^3.0.0"
  },
  "private": true
}
[debug] [2023-04-19T22:35:39.896Z] Building nodejs source
[debug] [2023-04-19T22:35:39.897Z] Failed to find version of module node: reached end of search path /Users/oliviawebster/abode-app/abode-takehome/functions/node_modules
[info] ✔  functions: Using node@16 from host. 
[debug] [2023-04-19T22:35:39.901Z] Could not find functions.yaml. Must use http discovery
[debug] [2023-04-19T22:35:39.903Z] Found firebase-functions binary at '/Users/oliviawebster/abode-app/abode-takehome/functions/node_modules/.bin/firebase-functions'
[debug] [2023-04-19T22:35:40.061Z] Serving at port 8909

[debug] [2023-04-19T22:35:40.274Z] Got response from /__/functions.yaml {"endpoints":{"createCity":{"platform":"gcfv1","availableMemoryMb":null,"timeoutSeconds":null,"minInstances":null,"maxInstances":null,"ingressSettings":null,"serviceAccountEmail":null,"vpc":null,"httpsTrigger":{},"entryPoint":"createCity"}},"specVersion":"v1alpha1","requiredAPIs":[]}
[debug] [2023-04-19T22:35:40.280Z] shutdown requested via /__/quitquitquit

[info] ✔  functions: Loaded functions definitions from source: createCity. {"metadata":{"emulator":{"name":"functions"},"message":"Loaded functions definitions from source: createCity."}}
[debug] [2023-04-19T22:36:17.548Z] File /Users/oliviawebster/abode-app/abode-takehome/functions/index.js changed, reloading triggers {"metadata":{"emulator":{"name":"functions"},"message":"File /Users/oliviawebster/abode-app/abode-takehome/functions/index.js changed, reloading triggers"}}
[debug] [2023-04-19T22:36:18.548Z] Validating nodejs source
[debug] [2023-04-19T22:36:21.082Z] > [functions] package.json contents: {
  "name": "functions",
  "description": "Cloud Functions for Firebase",
  "scripts": {
    "lint": "eslint .",
    "serve": "firebase emulators:start --only functions",
    "shell": "firebase functions:shell",
    "start": "npm run shell",
    "deploy": "firebase deploy --only functions",
    "logs": "firebase functions:log"
  },
  "engines": {
    "node": "16"
  },
  "main": "index.js",
  "dependencies": {
    "axios": "^1.3.6",
    "cors": "^2.8.5",
    "firebase-admin": "^11.5.0",
    "firebase-functions": "^4.2.0"
  },
  "devDependencies": {
    "eslint": "^8.15.0",
    "eslint-config-google": "^0.14.0",
    "firebase-functions-test": "^3.0.0"
  },
  "private": true
}
[debug] [2023-04-19T22:36:21.083Z] Building nodejs source
[debug] [2023-04-19T22:36:21.083Z] Failed to find version of module node: reached end of search path /Users/oliviawebster/abode-app/abode-takehome/functions/node_modules
[info] ✔  functions: Using node@16 from host. 
[debug] [2023-04-19T22:36:21.084Z] Could not find functions.yaml. Must use http discovery
[debug] [2023-04-19T22:36:21.086Z] Found firebase-functions binary at '/Users/oliviawebster/abode-app/abode-takehome/functions/node_modules/.bin/firebase-functions'
[debug] [2023-04-19T22:36:21.287Z] Serving at port 8534

[debug] [2023-04-19T22:36:21.806Z] Got response from /__/functions.yaml {"endpoints":{"createCity":{"platform":"gcfv1","availableMemoryMb":null,"timeoutSeconds":null,"minInstances":null,"maxInstances":null,"ingressSettings":null,"serviceAccountEmail":null,"vpc":null,"httpsTrigger":{},"entryPoint":"createCity"}},"specVersion":"v1alpha1","requiredAPIs":[]}
[debug] [2023-04-19T22:36:21.812Z] shutdown requested via /__/quitquitquit

[info] ✔  functions: Loaded functions definitions from source: createCity. {"metadata":{"emulator":{"name":"functions"},"message":"Loaded functions definitions from source: createCity."}}
[debug] [2023-04-19T22:36:37.481Z] File /Users/oliviawebster/abode-app/abode-takehome/functions/index.js changed, reloading triggers {"metadata":{"emulator":{"name":"functions"},"message":"File /Users/oliviawebster/abode-app/abode-takehome/functions/index.js changed, reloading triggers"}}
[debug] [2023-04-19T22:36:38.483Z] Validating nodejs source
[debug] [2023-04-19T22:36:39.241Z] > [functions] package.json contents: {
  "name": "functions",
  "description": "Cloud Functions for Firebase",
  "scripts": {
    "lint": "eslint .",
    "serve": "firebase emulators:start --only functions",
    "shell": "firebase functions:shell",
    "start": "npm run shell",
    "deploy": "firebase deploy --only functions",
    "logs": "firebase functions:log"
  },
  "engines": {
    "node": "16"
  },
  "main": "index.js",
  "dependencies": {
    "axios": "^1.3.6",
    "cors": "^2.8.5",
    "firebase-admin": "^11.5.0",
    "firebase-functions": "^4.2.0"
  },
  "devDependencies": {
    "eslint": "^8.15.0",
    "eslint-config-google": "^0.14.0",
    "firebase-functions-test": "^3.0.0"
  },
  "private": true
}
[debug] [2023-04-19T22:36:39.242Z] Building nodejs source
[debug] [2023-04-19T22:36:39.242Z] Failed to find version of module node: reached end of search path /Users/oliviawebster/abode-app/abode-takehome/functions/node_modules
[info] ✔  functions: Using node@16 from host. 
[debug] [2023-04-19T22:36:39.243Z] Could not find functions.yaml. Must use http discovery
[debug] [2023-04-19T22:36:39.245Z] Found firebase-functions binary at '/Users/oliviawebster/abode-app/abode-takehome/functions/node_modules/.bin/firebase-functions'
[debug] [2023-04-19T22:36:39.499Z] Serving at port 8008

[debug] [2023-04-19T22:36:39.955Z] Got response from /__/functions.yaml {"endpoints":{"createCity":{"platform":"gcfv1","availableMemoryMb":null,"timeoutSeconds":null,"minInstances":null,"maxInstances":null,"ingressSettings":null,"serviceAccountEmail":null,"vpc":null,"httpsTrigger":{},"entryPoint":"createCity"}},"specVersion":"v1alpha1","requiredAPIs":[]}
[debug] [2023-04-19T22:36:39.963Z] shutdown requested via /__/quitquitquit

[info] ✔  functions: Loaded functions definitions from source: createCity. {"metadata":{"emulator":{"name":"functions"},"message":"Loaded functions definitions from source: createCity."}}
[debug] [2023-04-19T22:38:41.578Z] File /Users/oliviawebster/abode-app/abode-takehome/functions/index.js changed, reloading triggers {"metadata":{"emulator":{"name":"functions"},"message":"File /Users/oliviawebster/abode-app/abode-takehome/functions/index.js changed, reloading triggers"}}
[debug] [2023-04-19T22:38:42.579Z] Validating nodejs source
[debug] [2023-04-19T22:38:44.367Z] > [functions] package.json contents: {
  "name": "functions",
  "description": "Cloud Functions for Firebase",
  "scripts": {
    "lint": "eslint .",
    "serve": "firebase emulators:start --only functions",
    "shell": "firebase functions:shell",
    "start": "npm run shell",
    "deploy": "firebase deploy --only functions",
    "logs": "firebase functions:log"
  },
  "engines": {
    "node": "16"
  },
  "main": "index.js",
  "dependencies": {
    "axios": "^1.3.6",
    "cors": "^2.8.5",
    "firebase-admin": "^11.5.0",
    "firebase-functions": "^4.2.0"
  },
  "devDependencies": {
    "eslint": "^8.15.0",
    "eslint-config-google": "^0.14.0",
    "firebase-functions-test": "^3.0.0"
  },
  "private": true
}
[debug] [2023-04-19T22:38:44.368Z] Building nodejs source
[debug] [2023-04-19T22:38:44.368Z] Failed to find version of module node: reached end of search path /Users/oliviawebster/abode-app/abode-takehome/functions/node_modules
[info] ✔  functions: Using node@16 from host. 
[debug] [2023-04-19T22:38:44.369Z] Could not find functions.yaml. Must use http discovery
[debug] [2023-04-19T22:38:44.371Z] Found firebase-functions binary at '/Users/oliviawebster/abode-app/abode-takehome/functions/node_modules/.bin/firebase-functions'
[debug] [2023-04-19T22:38:44.571Z] Serving at port 8673

[debug] [2023-04-19T22:38:44.929Z] File /Users/oliviawebster/abode-app/abode-takehome/functions/index.js changed, reloading triggers {"metadata":{"emulator":{"name":"functions"},"message":"File /Users/oliviawebster/abode-app/abode-takehome/functions/index.js changed, reloading triggers"}}
[debug] [2023-04-19T22:38:45.035Z] Got response from /__/functions.yaml {"endpoints":{"createCity":{"platform":"gcfv1","availableMemoryMb":null,"timeoutSeconds":null,"minInstances":null,"maxInstances":null,"ingressSettings":null,"serviceAccountEmail":null,"vpc":null,"httpsTrigger":{},"entryPoint":"createCity"}},"specVersion":"v1alpha1","requiredAPIs":[]}
[debug] [2023-04-19T22:38:45.041Z] shutdown requested via /__/quitquitquit

[info] ✔  functions: Loaded functions definitions from source: createCity. {"metadata":{"emulator":{"name":"functions"},"message":"Loaded functions definitions from source: createCity."}}
[debug] [2023-04-19T22:38:45.931Z] Validating nodejs source
[debug] [2023-04-19T22:38:47.574Z] > [functions] package.json contents: {
  "name": "functions",
  "description": "Cloud Functions for Firebase",
  "scripts": {
    "lint": "eslint .",
    "serve": "firebase emulators:start --only functions",
    "shell": "firebase functions:shell",
    "start": "npm run shell",
    "deploy": "firebase deploy --only functions",
    "logs": "firebase functions:log"
  },
  "engines": {
    "node": "16"
  },
  "main": "index.js",
  "dependencies": {
    "axios": "^1.3.6",
    "cors": "^2.8.5",
    "firebase-admin": "^11.5.0",
    "firebase-functions": "^4.2.0"
  },
  "devDependencies": {
    "eslint": "^8.15.0",
    "eslint-config-google": "^0.14.0",
    "firebase-functions-test": "^3.0.0"
  },
  "private": true
}
[debug] [2023-04-19T22:38:47.574Z] Building nodejs source
[debug] [2023-04-19T22:38:47.575Z] Failed to find version of module node: reached end of search path /Users/oliviawebster/abode-app/abode-takehome/functions/node_modules
[info] ✔  functions: Using node@16 from host. 
[debug] [2023-04-19T22:38:47.576Z] Could not find functions.yaml. Must use http discovery
[debug] [2023-04-19T22:38:47.578Z] Found firebase-functions binary at '/Users/oliviawebster/abode-app/abode-takehome/functions/node_modules/.bin/firebase-functions'
[debug] [2023-04-19T22:38:47.725Z] Serving at port 8742

[debug] [2023-04-19T22:38:47.926Z] Got response from /__/functions.yaml {"endpoints":{"createCity":{"platform":"gcfv1","availableMemoryMb":null,"timeoutSeconds":null,"minInstances":null,"maxInstances":null,"ingressSettings":null,"serviceAccountEmail":null,"vpc":null,"httpsTrigger":{},"entryPoint":"createCity"}},"specVersion":"v1alpha1","requiredAPIs":[]}
[debug] [2023-04-19T22:38:47.931Z] shutdown requested via /__/quitquitquit

[info] ✔  functions: Loaded functions definitions from source: createCity. {"metadata":{"emulator":{"name":"functions"},"message":"Loaded functions definitions from source: createCity."}}
[debug] [2023-04-19T22:39:19.878Z] File /Users/oliviawebster/abode-app/abode-takehome/functions/index.js changed, reloading triggers {"metadata":{"emulator":{"name":"functions"},"message":"File /Users/oliviawebster/abode-app/abode-takehome/functions/index.js changed, reloading triggers"}}
[debug] [2023-04-19T22:39:20.881Z] Validating nodejs source
[debug] [2023-04-19T22:39:21.868Z] > [functions] package.json contents: {
  "name": "functions",
  "description": "Cloud Functions for Firebase",
  "scripts": {
    "lint": "eslint .",
    "serve": "firebase emulators:start --only functions",
    "shell": "firebase functions:shell",
    "start": "npm run shell",
    "deploy": "firebase deploy --only functions",
    "logs": "firebase functions:log"
  },
  "engines": {
    "node": "16"
  },
  "main": "index.js",
  "dependencies": {
    "axios": "^1.3.6",
    "cors": "^2.8.5",
    "firebase-admin": "^11.5.0",
    "firebase-functions": "^4.2.0"
  },
  "devDependencies": {
    "eslint": "^8.15.0",
    "eslint-config-google": "^0.14.0",
    "firebase-functions-test": "^3.0.0"
  },
  "private": true
}
[debug] [2023-04-19T22:39:21.869Z] Building nodejs source
[debug] [2023-04-19T22:39:21.869Z] Failed to find version of module node: reached end of search path /Users/oliviawebster/abode-app/abode-takehome/functions/node_modules
[info] ✔  functions: Using node@16 from host. 
[debug] [2023-04-19T22:39:21.871Z] File /Users/oliviawebster/abode-app/abode-takehome/functions/index.js changed, reloading triggers {"metadata":{"emulator":{"name":"functions"},"message":"File /Users/oliviawebster/abode-app/abode-takehome/functions/index.js changed, reloading triggers"}}
[debug] [2023-04-19T22:39:21.871Z] Could not find functions.yaml. Must use http discovery
[debug] [2023-04-19T22:39:21.872Z] Found firebase-functions binary at '/Users/oliviawebster/abode-app/abode-takehome/functions/node_modules/.bin/firebase-functions'
[debug] [2023-04-19T22:39:22.073Z] Serving at port 8607

[debug] [2023-04-19T22:39:22.570Z] Got response from /__/functions.yaml {"endpoints":{"createCity":{"platform":"gcfv1","availableMemoryMb":null,"timeoutSeconds":null,"minInstances":null,"maxInstances":null,"ingressSettings":null,"serviceAccountEmail":null,"vpc":null,"httpsTrigger":{},"entryPoint":"createCity"}},"specVersion":"v1alpha1","requiredAPIs":[]}
[debug] [2023-04-19T22:39:22.579Z] shutdown requested via /__/quitquitquit

[info] ✔  functions: Loaded functions definitions from source: createCity. {"metadata":{"emulator":{"name":"functions"},"message":"Loaded functions definitions from source: createCity."}}
[debug] [2023-04-19T22:39:22.872Z] Validating nodejs source
[debug] [2023-04-19T22:39:23.716Z] > [functions] package.json contents: {
  "name": "functions",
  "description": "Cloud Functions for Firebase",
  "scripts": {
    "lint": "eslint .",
    "serve": "firebase emulators:start --only functions",
    "shell": "firebase functions:shell",
    "start": "npm run shell",
    "deploy": "firebase deploy --only functions",
    "logs": "firebase functions:log"
  },
  "engines": {
    "node": "16"
  },
  "main": "index.js",
  "dependencies": {
    "axios": "^1.3.6",
    "cors": "^2.8.5",
    "firebase-admin": "^11.5.0",
    "firebase-functions": "^4.2.0"
  },
  "devDependencies": {
    "eslint": "^8.15.0",
    "eslint-config-google": "^0.14.0",
    "firebase-functions-test": "^3.0.0"
  },
  "private": true
}
[debug] [2023-04-19T22:39:23.717Z] Building nodejs source
[debug] [2023-04-19T22:39:23.717Z] Failed to find version of module node: reached end of search path /Users/oliviawebster/abode-app/abode-takehome/functions/node_modules
[info] ✔  functions: Using node@16 from host. 
[debug] [2023-04-19T22:39:23.719Z] Could not find functions.yaml. Must use http discovery
[debug] [2023-04-19T22:39:23.721Z] Found firebase-functions binary at '/Users/oliviawebster/abode-app/abode-takehome/functions/node_modules/.bin/firebase-functions'
[debug] [2023-04-19T22:39:23.876Z] Serving at port 8883

[debug] [2023-04-19T22:39:24.079Z] Got response from /__/functions.yaml {"endpoints":{"createCity":{"platform":"gcfv1","availableMemoryMb":null,"timeoutSeconds":null,"minInstances":null,"maxInstances":null,"ingressSettings":null,"serviceAccountEmail":null,"vpc":null,"httpsTrigger":{},"entryPoint":"createCity"}},"specVersion":"v1alpha1","requiredAPIs":[]}
[debug] [2023-04-19T22:39:24.084Z] shutdown requested via /__/quitquitquit

[info] ✔  functions: Loaded functions definitions from source: createCity. {"metadata":{"emulator":{"name":"functions"},"message":"Loaded functions definitions from source: createCity."}}
[debug] [2023-04-19T22:39:30.454Z] File /Users/oliviawebster/abode-app/abode-takehome/functions/index.js changed, reloading triggers {"metadata":{"emulator":{"name":"functions"},"message":"File /Users/oliviawebster/abode-app/abode-takehome/functions/index.js changed, reloading triggers"}}
[debug] [2023-04-19T22:39:30.555Z] File /Users/oliviawebster/abode-app/abode-takehome/functions/index.js changed, reloading triggers {"metadata":{"emulator":{"name":"functions"},"message":"File /Users/oliviawebster/abode-app/abode-takehome/functions/index.js changed, reloading triggers"}}
[debug] [2023-04-19T22:39:31.555Z] Validating nodejs source
[debug] [2023-04-19T22:39:32.682Z] > [functions] package.json contents: {
  "name": "functions",
  "description": "Cloud Functions for Firebase",
  "scripts": {
    "lint": "eslint .",
    "serve": "firebase emulators:start --only functions",
    "shell": "firebase functions:shell",
    "start": "npm run shell",
    "deploy": "firebase deploy --only functions",
    "logs": "firebase functions:log"
  },
  "engines": {
    "node": "16"
  },
  "main": "index.js",
  "dependencies": {
    "axios": "^1.3.6",
    "cors": "^2.8.5",
    "firebase-admin": "^11.5.0",
    "firebase-functions": "^4.2.0"
  },
  "devDependencies": {
    "eslint": "^8.15.0",
    "eslint-config-google": "^0.14.0",
    "firebase-functions-test": "^3.0.0"
  },
  "private": true
}
[debug] [2023-04-19T22:39:32.682Z] Building nodejs source
[debug] [2023-04-19T22:39:32.683Z] Failed to find version of module node: reached end of search path /Users/oliviawebster/abode-app/abode-takehome/functions/node_modules
[info] ✔  functions: Using node@16 from host. 
[debug] [2023-04-19T22:39:32.684Z] Could not find functions.yaml. Must use http discovery
[debug] [2023-04-19T22:39:32.686Z] Found firebase-functions binary at '/Users/oliviawebster/abode-app/abode-takehome/functions/node_modules/.bin/firebase-functions'
[debug] [2023-04-19T22:39:32.845Z] Serving at port 8456

[debug] [2023-04-19T22:39:33.062Z] Got response from /__/functions.yaml {"endpoints":{"createCity":{"platform":"gcfv1","availableMemoryMb":null,"timeoutSeconds":null,"minInstances":null,"maxInstances":null,"ingressSettings":null,"serviceAccountEmail":null,"vpc":null,"httpsTrigger":{},"entryPoint":"createCity"}},"specVersion":"v1alpha1","requiredAPIs":[]}
[debug] [2023-04-19T22:39:33.068Z] shutdown requested via /__/quitquitquit

[info] ✔  functions: Loaded functions definitions from source: createCity. {"metadata":{"emulator":{"name":"functions"},"message":"Loaded functions definitions from source: createCity."}}
[debug] [2023-04-19T22:39:35.421Z] File /Users/oliviawebster/abode-app/abode-takehome/functions/index.js changed, reloading triggers {"metadata":{"emulator":{"name":"functions"},"message":"File /Users/oliviawebster/abode-app/abode-takehome/functions/index.js changed, reloading triggers"}}
[debug] [2023-04-19T22:39:36.424Z] Validating nodejs source
[debug] [2023-04-19T22:39:37.123Z] > [functions] package.json contents: {
  "name": "functions",
  "description": "Cloud Functions for Firebase",
  "scripts": {
    "lint": "eslint .",
    "serve": "firebase emulators:start --only functions",
    "shell": "firebase functions:shell",
    "start": "npm run shell",
    "deploy": "firebase deploy --only functions",
    "logs": "firebase functions:log"
  },
  "engines": {
    "node": "16"
  },
  "main": "index.js",
  "dependencies": {
    "axios": "^1.3.6",
    "cors": "^2.8.5",
    "firebase-admin": "^11.5.0",
    "firebase-functions": "^4.2.0"
  },
  "devDependencies": {
    "eslint": "^8.15.0",
    "eslint-config-google": "^0.14.0",
    "firebase-functions-test": "^3.0.0"
  },
  "private": true
}
[debug] [2023-04-19T22:39:37.124Z] Building nodejs source
[debug] [2023-04-19T22:39:37.124Z] Failed to find version of module node: reached end of search path /Users/oliviawebster/abode-app/abode-takehome/functions/node_modules
[info] ✔  functions: Using node@16 from host. 
[debug] [2023-04-19T22:39:37.126Z] Could not find functions.yaml. Must use http discovery
[debug] [2023-04-19T22:39:37.127Z] Found firebase-functions binary at '/Users/oliviawebster/abode-app/abode-takehome/functions/node_modules/.bin/firebase-functions'
[debug] [2023-04-19T22:39:37.270Z] Serving at port 8062

[debug] [2023-04-19T22:39:37.578Z] Got response from /__/functions.yaml {"endpoints":{"createCity":{"platform":"gcfv1","availableMemoryMb":null,"timeoutSeconds":null,"minInstances":null,"maxInstances":null,"ingressSettings":null,"serviceAccountEmail":null,"vpc":null,"httpsTrigger":{},"entryPoint":"createCity"}},"specVersion":"v1alpha1","requiredAPIs":[]}
[debug] [2023-04-19T22:39:37.585Z] shutdown requested via /__/quitquitquit

[info] ✔  functions: Loaded functions definitions from source: createCity. {"metadata":{"emulator":{"name":"functions"},"message":"Loaded functions definitions from source: createCity."}}
[debug] [2023-04-19T23:29:14.018Z] File /Users/oliviawebster/abode-app/abode-takehome/functions/index.js changed, reloading triggers {"metadata":{"emulator":{"name":"functions"},"message":"File /Users/oliviawebster/abode-app/abode-takehome/functions/index.js changed, reloading triggers"}}
[debug] [2023-04-19T23:29:15.029Z] Validating nodejs source
[debug] [2023-04-19T23:29:16.763Z] > [functions] package.json contents: {
  "name": "functions",
  "description": "Cloud Functions for Firebase",
  "scripts": {
    "lint": "eslint .",
    "serve": "firebase emulators:start --only functions",
    "shell": "firebase functions:shell",
    "start": "npm run shell",
    "deploy": "firebase deploy --only functions",
    "logs": "firebase functions:log"
  },
  "engines": {
    "node": "16"
  },
  "main": "index.js",
  "dependencies": {
    "axios": "^1.3.6",
    "cors": "^2.8.5",
    "firebase-admin": "^11.5.0",
    "firebase-functions": "^4.2.0"
  },
  "devDependencies": {
    "eslint": "^8.15.0",
    "eslint-config-google": "^0.14.0",
    "firebase-functions-test": "^3.0.0"
  },
  "private": true
}
[debug] [2023-04-19T23:29:16.764Z] Building nodejs source
[debug] [2023-04-19T23:29:16.764Z] Failed to find version of module node: reached end of search path /Users/oliviawebster/abode-app/abode-takehome/functions/node_modules
[info] ✔  functions: Using node@16 from host. 
[debug] [2023-04-19T23:29:16.768Z] Could not find functions.yaml. Must use http discovery
[debug] [2023-04-19T23:29:16.772Z] Found firebase-functions binary at '/Users/oliviawebster/abode-app/abode-takehome/functions/node_modules/.bin/firebase-functions'
[debug] [2023-04-19T23:29:17.006Z] Serving at port 8106

[debug] [2023-04-19T23:29:17.613Z] Got response from /__/functions.yaml {"endpoints":{"createCity":{"platform":"gcfv1","availableMemoryMb":null,"timeoutSeconds":null,"minInstances":null,"maxInstances":null,"ingressSettings":null,"serviceAccountEmail":null,"vpc":null,"httpsTrigger":{},"entryPoint":"createCity"}},"specVersion":"v1alpha1","requiredAPIs":[]}
[debug] [2023-04-19T23:29:17.621Z] shutdown requested via /__/quitquitquit

[info] ✔  functions: Loaded functions definitions from source: createCity. {"metadata":{"emulator":{"name":"functions"},"message":"Loaded functions definitions from source: createCity."}}
[debug] [2023-04-19T23:29:26.098Z] File /Users/oliviawebster/abode-app/abode-takehome/functions/index.js changed, reloading triggers {"metadata":{"emulator":{"name":"functions"},"message":"File /Users/oliviawebster/abode-app/abode-takehome/functions/index.js changed, reloading triggers"}}
[debug] [2023-04-19T23:29:26.198Z] File /Users/oliviawebster/abode-app/abode-takehome/functions/index.js changed, reloading triggers {"metadata":{"emulator":{"name":"functions"},"message":"File /Users/oliviawebster/abode-app/abode-takehome/functions/index.js changed, reloading triggers"}}
[debug] [2023-04-19T23:29:27.199Z] Validating nodejs source
[debug] [2023-04-19T23:29:28.312Z] > [functions] package.json contents: {
  "name": "functions",
  "description": "Cloud Functions for Firebase",
  "scripts": {
    "lint": "eslint .",
    "serve": "firebase emulators:start --only functions",
    "shell": "firebase functions:shell",
    "start": "npm run shell",
    "deploy": "firebase deploy --only functions",
    "logs": "firebase functions:log"
  },
  "engines": {
    "node": "16"
  },
  "main": "index.js",
  "dependencies": {
    "axios": "^1.3.6",
    "cors": "^2.8.5",
    "firebase-admin": "^11.5.0",
    "firebase-functions": "^4.2.0"
  },
  "devDependencies": {
    "eslint": "^8.15.0",
    "eslint-config-google": "^0.14.0",
    "firebase-functions-test": "^3.0.0"
  },
  "private": true
}
[debug] [2023-04-19T23:29:28.312Z] Building nodejs source
[debug] [2023-04-19T23:29:28.313Z] Failed to find version of module node: reached end of search path /Users/oliviawebster/abode-app/abode-takehome/functions/node_modules
[info] ✔  functions: Using node@16 from host. 
[debug] [2023-04-19T23:29:28.314Z] Could not find functions.yaml. Must use http discovery
[debug] [2023-04-19T23:29:28.316Z] Found firebase-functions binary at '/Users/oliviawebster/abode-app/abode-takehome/functions/node_modules/.bin/firebase-functions'
[debug] [2023-04-19T23:29:28.546Z] Serving at port 8674

[debug] [2023-04-19T23:29:29.036Z] Got response from /__/functions.yaml {"endpoints":{"createCity":{"platform":"gcfv1","availableMemoryMb":null,"timeoutSeconds":null,"minInstances":null,"maxInstances":null,"ingressSettings":null,"serviceAccountEmail":null,"vpc":null,"httpsTrigger":{},"entryPoint":"createCity"}},"specVersion":"v1alpha1","requiredAPIs":[]}
[debug] [2023-04-19T23:29:29.046Z] shutdown requested via /__/quitquitquit

[info] ✔  functions: Loaded functions definitions from source: createCity. {"metadata":{"emulator":{"name":"functions"},"message":"Loaded functions definitions from source: createCity."}}
[debug] [2023-04-19T23:29:32.961Z] File /Users/oliviawebster/abode-app/abode-takehome/functions/index.js changed, reloading triggers {"metadata":{"emulator":{"name":"functions"},"message":"File /Users/oliviawebster/abode-app/abode-takehome/functions/index.js changed, reloading triggers"}}
[debug] [2023-04-19T23:29:33.962Z] Validating nodejs source
[debug] [2023-04-19T23:29:35.778Z] > [functions] package.json contents: {
  "name": "functions",
  "description": "Cloud Functions for Firebase",
  "scripts": {
    "lint": "eslint .",
    "serve": "firebase emulators:start --only functions",
    "shell": "firebase functions:shell",
    "start": "npm run shell",
    "deploy": "firebase deploy --only functions",
    "logs": "firebase functions:log"
  },
  "engines": {
    "node": "16"
  },
  "main": "index.js",
  "dependencies": {
    "axios": "^1.3.6",
    "cors": "^2.8.5",
    "firebase-admin": "^11.5.0",
    "firebase-functions": "^4.2.0"
  },
  "devDependencies": {
    "eslint": "^8.15.0",
    "eslint-config-google": "^0.14.0",
    "firebase-functions-test": "^3.0.0"
  },
  "private": true
}
[debug] [2023-04-19T23:29:35.778Z] Building nodejs source
[debug] [2023-04-19T23:29:35.779Z] Failed to find version of module node: reached end of search path /Users/oliviawebster/abode-app/abode-takehome/functions/node_modules
[info] ✔  functions: Using node@16 from host. 
[debug] [2023-04-19T23:29:35.780Z] File /Users/oliviawebster/abode-app/abode-takehome/functions/index.js changed, reloading triggers {"metadata":{"emulator":{"name":"functions"},"message":"File /Users/oliviawebster/abode-app/abode-takehome/functions/index.js changed, reloading triggers"}}
[debug] [2023-04-19T23:29:35.781Z] Could not find functions.yaml. Must use http discovery
[debug] [2023-04-19T23:29:35.782Z] Found firebase-functions binary at '/Users/oliviawebster/abode-app/abode-takehome/functions/node_modules/.bin/firebase-functions'
[debug] [2023-04-19T23:29:35.984Z] Serving at port 8379

[debug] [2023-04-19T23:29:36.557Z] Got response from /__/functions.yaml {"endpoints":{"createCity":{"platform":"gcfv1","availableMemoryMb":null,"timeoutSeconds":null,"minInstances":null,"maxInstances":null,"ingressSettings":null,"serviceAccountEmail":null,"vpc":null,"httpsTrigger":{},"entryPoint":"createCity"}},"specVersion":"v1alpha1","requiredAPIs":[]}
[debug] [2023-04-19T23:29:36.564Z] shutdown requested via /__/quitquitquit

[info] ✔  functions: Loaded functions definitions from source: createCity. {"metadata":{"emulator":{"name":"functions"},"message":"Loaded functions definitions from source: createCity."}}
[debug] [2023-04-19T23:29:36.782Z] Validating nodejs source
[debug] [2023-04-19T23:29:38.058Z] > [functions] package.json contents: {
  "name": "functions",
  "description": "Cloud Functions for Firebase",
  "scripts": {
    "lint": "eslint .",
    "serve": "firebase emulators:start --only functions",
    "shell": "firebase functions:shell",
    "start": "npm run shell",
    "deploy": "firebase deploy --only functions",
    "logs": "firebase functions:log"
  },
  "engines": {
    "node": "16"
  },
  "main": "index.js",
  "dependencies": {
    "axios": "^1.3.6",
    "cors": "^2.8.5",
    "firebase-admin": "^11.5.0",
    "firebase-functions": "^4.2.0"
  },
  "devDependencies": {
    "eslint": "^8.15.0",
    "eslint-config-google": "^0.14.0",
    "firebase-functions-test": "^3.0.0"
  },
  "private": true
}
[debug] [2023-04-19T23:29:38.058Z] Building nodejs source
[debug] [2023-04-19T23:29:38.059Z] Failed to find version of module node: reached end of search path /Users/oliviawebster/abode-app/abode-takehome/functions/node_modules
[info] ✔  functions: Using node@16 from host. 
[debug] [2023-04-19T23:29:38.071Z] Could not find functions.yaml. Must use http discovery
[debug] [2023-04-19T23:29:38.072Z] Found firebase-functions binary at '/Users/oliviawebster/abode-app/abode-takehome/functions/node_modules/.bin/firebase-functions'
[debug] [2023-04-19T23:29:38.305Z] Serving at port 8724

[debug] [2023-04-19T23:29:38.525Z] Got response from /__/functions.yaml {"endpoints":{"createCity":{"platform":"gcfv1","availableMemoryMb":null,"timeoutSeconds":null,"minInstances":null,"maxInstances":null,"ingressSettings":null,"serviceAccountEmail":null,"vpc":null,"httpsTrigger":{},"entryPoint":"createCity"}},"specVersion":"v1alpha1","requiredAPIs":[]}
[debug] [2023-04-19T23:29:38.530Z] shutdown requested via /__/quitquitquit

[info] ✔  functions: Loaded functions definitions from source: createCity. {"metadata":{"emulator":{"name":"functions"},"message":"Loaded functions definitions from source: createCity."}}
[debug] [2023-04-19T23:29:45.116Z] File /Users/oliviawebster/abode-app/abode-takehome/functions/index.js changed, reloading triggers {"metadata":{"emulator":{"name":"functions"},"message":"File /Users/oliviawebster/abode-app/abode-takehome/functions/index.js changed, reloading triggers"}}
[debug] [2023-04-19T23:29:45.216Z] File /Users/oliviawebster/abode-app/abode-takehome/functions/index.js changed, reloading triggers {"metadata":{"emulator":{"name":"functions"},"message":"File /Users/oliviawebster/abode-app/abode-takehome/functions/index.js changed, reloading triggers"}}
[debug] [2023-04-19T23:29:46.218Z] Validating nodejs source
[debug] [2023-04-19T23:29:47.250Z] > [functions] package.json contents: {
  "name": "functions",
  "description": "Cloud Functions for Firebase",
  "scripts": {
    "lint": "eslint .",
    "serve": "firebase emulators:start --only functions",
    "shell": "firebase functions:shell",
    "start": "npm run shell",
    "deploy": "firebase deploy --only functions",
    "logs": "firebase functions:log"
  },
  "engines": {
    "node": "16"
  },
  "main": "index.js",
  "dependencies": {
    "axios": "^1.3.6",
    "cors": "^2.8.5",
    "firebase-admin": "^11.5.0",
    "firebase-functions": "^4.2.0"
  },
  "devDependencies": {
    "eslint": "^8.15.0",
    "eslint-config-google": "^0.14.0",
    "firebase-functions-test": "^3.0.0"
  },
  "private": true
}
[debug] [2023-04-19T23:29:47.251Z] Building nodejs source
[debug] [2023-04-19T23:29:47.251Z] Failed to find version of module node: reached end of search path /Users/oliviawebster/abode-app/abode-takehome/functions/node_modules
[info] ✔  functions: Using node@16 from host. 
[debug] [2023-04-19T23:29:47.253Z] File /Users/oliviawebster/abode-app/abode-takehome/functions/index.js changed, reloading triggers {"metadata":{"emulator":{"name":"functions"},"message":"File /Users/oliviawebster/abode-app/abode-takehome/functions/index.js changed, reloading triggers"}}
[debug] [2023-04-19T23:29:47.258Z] Could not find functions.yaml. Must use http discovery
[debug] [2023-04-19T23:29:47.260Z] Found firebase-functions binary at '/Users/oliviawebster/abode-app/abode-takehome/functions/node_modules/.bin/firebase-functions'
[debug] [2023-04-19T23:29:47.435Z] Serving at port 8845

[debug] [2023-04-19T23:29:47.654Z] Got response from /__/functions.yaml {"endpoints":{"createCity":{"platform":"gcfv1","availableMemoryMb":null,"timeoutSeconds":null,"minInstances":null,"maxInstances":null,"ingressSettings":null,"serviceAccountEmail":null,"vpc":null,"httpsTrigger":{},"entryPoint":"createCity"}},"specVersion":"v1alpha1","requiredAPIs":[]}
[debug] [2023-04-19T23:29:47.659Z] shutdown requested via /__/quitquitquit

[info] ✔  functions: Loaded functions definitions from source: createCity. {"metadata":{"emulator":{"name":"functions"},"message":"Loaded functions definitions from source: createCity."}}
[debug] [2023-04-19T23:29:48.217Z] File /Users/oliviawebster/abode-app/abode-takehome/functions/index.js changed, reloading triggers {"metadata":{"emulator":{"name":"functions"},"message":"File /Users/oliviawebster/abode-app/abode-takehome/functions/index.js changed, reloading triggers"}}
[debug] [2023-04-19T23:29:49.220Z] Validating nodejs source
[debug] [2023-04-19T23:29:50.401Z] > [functions] package.json contents: {
  "name": "functions",
  "description": "Cloud Functions for Firebase",
  "scripts": {
    "lint": "eslint .",
    "serve": "firebase emulators:start --only functions",
    "shell": "firebase functions:shell",
    "start": "npm run shell",
    "deploy": "firebase deploy --only functions",
    "logs": "firebase functions:log"
  },
  "engines": {
    "node": "16"
  },
  "main": "index.js",
  "dependencies": {
    "axios": "^1.3.6",
    "cors": "^2.8.5",
    "firebase-admin": "^11.5.0",
    "firebase-functions": "^4.2.0"
  },
  "devDependencies": {
    "eslint": "^8.15.0",
    "eslint-config-google": "^0.14.0",
    "firebase-functions-test": "^3.0.0"
  },
  "private": true
}
[debug] [2023-04-19T23:29:50.402Z] Building nodejs source
[debug] [2023-04-19T23:29:50.402Z] Failed to find version of module node: reached end of search path /Users/oliviawebster/abode-app/abode-takehome/functions/node_modules
[info] ✔  functions: Using node@16 from host. 
[debug] [2023-04-19T23:29:50.403Z] Could not find functions.yaml. Must use http discovery
[debug] [2023-04-19T23:29:50.404Z] Found firebase-functions binary at '/Users/oliviawebster/abode-app/abode-takehome/functions/node_modules/.bin/firebase-functions'
[debug] [2023-04-19T23:29:50.549Z] Serving at port 8388

[debug] [2023-04-19T23:29:50.746Z] Got response from /__/functions.yaml {"endpoints":{"createCity":{"platform":"gcfv1","availableMemoryMb":null,"timeoutSeconds":null,"minInstances":null,"maxInstances":null,"ingressSettings":null,"serviceAccountEmail":null,"vpc":null,"httpsTrigger":{},"entryPoint":"createCity"}},"specVersion":"v1alpha1","requiredAPIs":[]}
[debug] [2023-04-19T23:29:50.752Z] shutdown requested via /__/quitquitquit

[info] ✔  functions: Loaded functions definitions from source: createCity. {"metadata":{"emulator":{"name":"functions"},"message":"Loaded functions definitions from source: createCity."}}
[debug] [2023-04-19T23:32:15.443Z] File /Users/oliviawebster/abode-app/abode-takehome/functions/index.js changed, reloading triggers {"metadata":{"emulator":{"name":"functions"},"message":"File /Users/oliviawebster/abode-app/abode-takehome/functions/index.js changed, reloading triggers"}}
[debug] [2023-04-19T23:32:16.445Z] Validating nodejs source
[debug] [2023-04-19T23:32:17.660Z] > [functions] package.json contents: {
  "name": "functions",
  "description": "Cloud Functions for Firebase",
  "scripts": {
    "lint": "eslint .",
    "serve": "firebase emulators:start --only functions",
    "shell": "firebase functions:shell",
    "start": "npm run shell",
    "deploy": "firebase deploy --only functions",
    "logs": "firebase functions:log"
  },
  "engines": {
    "node": "16"
  },
  "main": "index.js",
  "dependencies": {
    "axios": "^1.3.6",
    "cors": "^2.8.5",
    "firebase-admin": "^11.5.0",
    "firebase-functions": "^4.2.0"
  },
  "devDependencies": {
    "eslint": "^8.15.0",
    "eslint-config-google": "^0.14.0",
    "firebase-functions-test": "^3.0.0"
  },
  "private": true
}
[debug] [2023-04-19T23:32:17.661Z] Building nodejs source
[debug] [2023-04-19T23:32:17.661Z] Failed to find version of module node: reached end of search path /Users/oliviawebster/abode-app/abode-takehome/functions/node_modules
[info] ✔  functions: Using node@16 from host. 
[debug] [2023-04-19T23:32:17.662Z] Could not find functions.yaml. Must use http discovery
[debug] [2023-04-19T23:32:17.664Z] Found firebase-functions binary at '/Users/oliviawebster/abode-app/abode-takehome/functions/node_modules/.bin/firebase-functions'
[debug] [2023-04-19T23:32:17.893Z] Serving at port 8773

[debug] [2023-04-19T23:32:18.417Z] Got response from /__/functions.yaml {"endpoints":{"createCity":{"platform":"gcfv1","availableMemoryMb":null,"timeoutSeconds":null,"minInstances":null,"maxInstances":null,"ingressSettings":null,"serviceAccountEmail":null,"vpc":null,"httpsTrigger":{},"entryPoint":"createCity"}},"specVersion":"v1alpha1","requiredAPIs":[]}
[debug] [2023-04-19T23:32:18.425Z] shutdown requested via /__/quitquitquit

[info] ✔  functions: Loaded functions definitions from source: createCity. {"metadata":{"emulator":{"name":"functions"},"message":"Loaded functions definitions from source: createCity."}}
[debug] [2023-04-19T23:32:33.841Z] File /Users/oliviawebster/abode-app/abode-takehome/functions/index.js changed, reloading triggers {"metadata":{"emulator":{"name":"functions"},"message":"File /Users/oliviawebster/abode-app/abode-takehome/functions/index.js changed, reloading triggers"}}
[debug] [2023-04-19T23:32:34.843Z] Validating nodejs source
[debug] [2023-04-19T23:32:35.997Z] > [functions] package.json contents: {
  "name": "functions",
  "description": "Cloud Functions for Firebase",
  "scripts": {
    "lint": "eslint .",
    "serve": "firebase emulators:start --only functions",
    "shell": "firebase functions:shell",
    "start": "npm run shell",
    "deploy": "firebase deploy --only functions",
    "logs": "firebase functions:log"
  },
  "engines": {
    "node": "16"
  },
  "main": "index.js",
  "dependencies": {
    "axios": "^1.3.6",
    "cors": "^2.8.5",
    "firebase-admin": "^11.5.0",
    "firebase-functions": "^4.2.0"
  },
  "devDependencies": {
    "eslint": "^8.15.0",
    "eslint-config-google": "^0.14.0",
    "firebase-functions-test": "^3.0.0"
  },
  "private": true
}
[debug] [2023-04-19T23:32:35.998Z] Building nodejs source
[debug] [2023-04-19T23:32:35.998Z] Failed to find version of module node: reached end of search path /Users/oliviawebster/abode-app/abode-takehome/functions/node_modules
[info] ✔  functions: Using node@16 from host. 
[debug] [2023-04-19T23:32:36.001Z] Could not find functions.yaml. Must use http discovery
[debug] [2023-04-19T23:32:36.002Z] Found firebase-functions binary at '/Users/oliviawebster/abode-app/abode-takehome/functions/node_modules/.bin/firebase-functions'
[debug] [2023-04-19T23:32:36.276Z] Serving at port 8814

[debug] [2023-04-19T23:32:36.678Z] Got response from /__/functions.yaml {"endpoints":{"createCity":{"platform":"gcfv1","availableMemoryMb":null,"timeoutSeconds":null,"minInstances":null,"maxInstances":null,"ingressSettings":null,"serviceAccountEmail":null,"vpc":null,"httpsTrigger":{},"entryPoint":"createCity"}},"specVersion":"v1alpha1","requiredAPIs":[]}
[debug] [2023-04-19T23:32:36.685Z] shutdown requested via /__/quitquitquit

[info] ✔  functions: Loaded functions definitions from source: createCity. {"metadata":{"emulator":{"name":"functions"},"message":"Loaded functions definitions from source: createCity."}}
[debug] [2023-04-19T23:32:40.415Z] File /Users/oliviawebster/abode-app/abode-takehome/functions/index.js changed, reloading triggers {"metadata":{"emulator":{"name":"functions"},"message":"File /Users/oliviawebster/abode-app/abode-takehome/functions/index.js changed, reloading triggers"}}
[debug] [2023-04-19T23:32:40.515Z] File /Users/oliviawebster/abode-app/abode-takehome/functions/index.js changed, reloading triggers {"metadata":{"emulator":{"name":"functions"},"message":"File /Users/oliviawebster/abode-app/abode-takehome/functions/index.js changed, reloading triggers"}}
[debug] [2023-04-19T23:32:41.517Z] Validating nodejs source
[debug] [2023-04-19T23:32:42.912Z] > [functions] package.json contents: {
  "name": "functions",
  "description": "Cloud Functions for Firebase",
  "scripts": {
    "lint": "eslint .",
    "serve": "firebase emulators:start --only functions",
    "shell": "firebase functions:shell",
    "start": "npm run shell",
    "deploy": "firebase deploy --only functions",
    "logs": "firebase functions:log"
  },
  "engines": {
    "node": "16"
  },
  "main": "index.js",
  "dependencies": {
    "axios": "^1.3.6",
    "cors": "^2.8.5",
    "firebase-admin": "^11.5.0",
    "firebase-functions": "^4.2.0"
  },
  "devDependencies": {
    "eslint": "^8.15.0",
    "eslint-config-google": "^0.14.0",
    "firebase-functions-test": "^3.0.0"
  },
  "private": true
}
[debug] [2023-04-19T23:32:42.913Z] Building nodejs source
[debug] [2023-04-19T23:32:42.913Z] Failed to find version of module node: reached end of search path /Users/oliviawebster/abode-app/abode-takehome/functions/node_modules
[info] ✔  functions: Using node@16 from host. 
[debug] [2023-04-19T23:32:42.914Z] Could not find functions.yaml. Must use http discovery
[debug] [2023-04-19T23:32:42.916Z] Found firebase-functions binary at '/Users/oliviawebster/abode-app/abode-takehome/functions/node_modules/.bin/firebase-functions'
[debug] [2023-04-19T23:32:43.116Z] Serving at port 8443

[debug] [2023-04-19T23:32:43.511Z] Got response from /__/functions.yaml {"endpoints":{"createCity":{"platform":"gcfv1","availableMemoryMb":null,"timeoutSeconds":null,"minInstances":null,"maxInstances":null,"ingressSettings":null,"serviceAccountEmail":null,"vpc":null,"httpsTrigger":{},"entryPoint":"createCity"}},"specVersion":"v1alpha1","requiredAPIs":[]}
[debug] [2023-04-19T23:32:43.517Z] shutdown requested via /__/quitquitquit

[info] ✔  functions: Loaded functions definitions from source: createCity. {"metadata":{"emulator":{"name":"functions"},"message":"Loaded functions definitions from source: createCity."}}
[debug] [2023-04-19T23:33:03.738Z] File /Users/oliviawebster/abode-app/abode-takehome/functions/index.js changed, reloading triggers {"metadata":{"emulator":{"name":"functions"},"message":"File /Users/oliviawebster/abode-app/abode-takehome/functions/index.js changed, reloading triggers"}}
[debug] [2023-04-19T23:33:04.740Z] Validating nodejs source
[debug] [2023-04-19T23:33:06.473Z] > [functions] package.json contents: {
  "name": "functions",
  "description": "Cloud Functions for Firebase",
  "scripts": {
    "lint": "eslint .",
    "serve": "firebase emulators:start --only functions",
    "shell": "firebase functions:shell",
    "start": "npm run shell",
    "deploy": "firebase deploy --only functions",
    "logs": "firebase functions:log"
  },
  "engines": {
    "node": "16"
  },
  "main": "index.js",
  "dependencies": {
    "axios": "^1.3.6",
    "cors": "^2.8.5",
    "firebase-admin": "^11.5.0",
    "firebase-functions": "^4.2.0"
  },
  "devDependencies": {
    "eslint": "^8.15.0",
    "eslint-config-google": "^0.14.0",
    "firebase-functions-test": "^3.0.0"
  },
  "private": true
}
[debug] [2023-04-19T23:33:06.474Z] Building nodejs source
[debug] [2023-04-19T23:33:06.474Z] Failed to find version of module node: reached end of search path /Users/oliviawebster/abode-app/abode-takehome/functions/node_modules
[info] ✔  functions: Using node@16 from host. 
[debug] [2023-04-19T23:33:06.477Z] Could not find functions.yaml. Must use http discovery
[debug] [2023-04-19T23:33:06.479Z] Found firebase-functions binary at '/Users/oliviawebster/abode-app/abode-takehome/functions/node_modules/.bin/firebase-functions'
[debug] [2023-04-19T23:33:06.680Z] Serving at port 8422

[debug] [2023-04-19T23:33:07.194Z] Got response from /__/functions.yaml {"endpoints":{"createCity":{"platform":"gcfv1","availableMemoryMb":null,"timeoutSeconds":null,"minInstances":null,"maxInstances":null,"ingressSettings":null,"serviceAccountEmail":null,"vpc":null,"httpsTrigger":{},"entryPoint":"createCity"}},"specVersion":"v1alpha1","requiredAPIs":[]}
[debug] [2023-04-19T23:33:07.202Z] shutdown requested via /__/quitquitquit

[info] ✔  functions: Loaded functions definitions from source: createCity. {"metadata":{"emulator":{"name":"functions"},"message":"Loaded functions definitions from source: createCity."}}
[debug] [2023-04-19T23:33:40.216Z] File /Users/oliviawebster/abode-app/abode-takehome/functions/index.js changed, reloading triggers {"metadata":{"emulator":{"name":"functions"},"message":"File /Users/oliviawebster/abode-app/abode-takehome/functions/index.js changed, reloading triggers"}}
[debug] [2023-04-19T23:33:41.216Z] Validating nodejs source
[debug] [2023-04-19T23:33:42.451Z] > [functions] package.json contents: {
  "name": "functions",
  "description": "Cloud Functions for Firebase",
  "scripts": {
    "lint": "eslint .",
    "serve": "firebase emulators:start --only functions",
    "shell": "firebase functions:shell",
    "start": "npm run shell",
    "deploy": "firebase deploy --only functions",
    "logs": "firebase functions:log"
  },
  "engines": {
    "node": "16"
  },
  "main": "index.js",
  "dependencies": {
    "axios": "^1.3.6",
    "cors": "^2.8.5",
    "firebase-admin": "^11.5.0",
    "firebase-functions": "^4.2.0"
  },
  "devDependencies": {
    "eslint": "^8.15.0",
    "eslint-config-google": "^0.14.0",
    "firebase-functions-test": "^3.0.0"
  },
  "private": true
}
[debug] [2023-04-19T23:33:42.452Z] Building nodejs source
[debug] [2023-04-19T23:33:42.452Z] Failed to find version of module node: reached end of search path /Users/oliviawebster/abode-app/abode-takehome/functions/node_modules
[info] ✔  functions: Using node@16 from host. 
[debug] [2023-04-19T23:33:42.454Z] Could not find functions.yaml. Must use http discovery
[debug] [2023-04-19T23:33:42.455Z] Found firebase-functions binary at '/Users/oliviawebster/abode-app/abode-takehome/functions/node_modules/.bin/firebase-functions'
[debug] [2023-04-19T23:33:42.689Z] Serving at port 8280

[debug] [2023-04-19T23:33:43.155Z] Got response from /__/functions.yaml {"endpoints":{"createCity":{"platform":"gcfv1","availableMemoryMb":null,"timeoutSeconds":null,"minInstances":null,"maxInstances":null,"ingressSettings":null,"serviceAccountEmail":null,"vpc":null,"httpsTrigger":{},"entryPoint":"createCity"}},"specVersion":"v1alpha1","requiredAPIs":[]}
[debug] [2023-04-19T23:33:43.163Z] shutdown requested via /__/quitquitquit

[info] ✔  functions: Loaded functions definitions from source: createCity. {"metadata":{"emulator":{"name":"functions"},"message":"Loaded functions definitions from source: createCity."}}
[debug] [2023-04-19T23:33:43.574Z] File /Users/oliviawebster/abode-app/abode-takehome/functions/index.js changed, reloading triggers {"metadata":{"emulator":{"name":"functions"},"message":"File /Users/oliviawebster/abode-app/abode-takehome/functions/index.js changed, reloading triggers"}}
[debug] [2023-04-19T23:33:44.576Z] Validating nodejs source
[debug] [2023-04-19T23:33:46.858Z] > [functions] package.json contents: {
  "name": "functions",
  "description": "Cloud Functions for Firebase",
  "scripts": {
    "lint": "eslint .",
    "serve": "firebase emulators:start --only functions",
    "shell": "firebase functions:shell",
    "start": "npm run shell",
    "deploy": "firebase deploy --only functions",
    "logs": "firebase functions:log"
  },
  "engines": {
    "node": "16"
  },
  "main": "index.js",
  "dependencies": {
    "axios": "^1.3.6",
    "cors": "^2.8.5",
    "firebase-admin": "^11.5.0",
    "firebase-functions": "^4.2.0"
  },
  "devDependencies": {
    "eslint": "^8.15.0",
    "eslint-config-google": "^0.14.0",
    "firebase-functions-test": "^3.0.0"
  },
  "private": true
}
[debug] [2023-04-19T23:33:46.858Z] Building nodejs source
[debug] [2023-04-19T23:33:46.859Z] Failed to find version of module node: reached end of search path /Users/oliviawebster/abode-app/abode-takehome/functions/node_modules
[info] ✔  functions: Using node@16 from host. 
[debug] [2023-04-19T23:33:46.860Z] Could not find functions.yaml. Must use http discovery
[debug] [2023-04-19T23:33:46.862Z] Found firebase-functions binary at '/Users/oliviawebster/abode-app/abode-takehome/functions/node_modules/.bin/firebase-functions'
[debug] [2023-04-19T23:33:47.005Z] Serving at port 8213

[debug] [2023-04-19T23:33:47.197Z] Got response from /__/functions.yaml {"endpoints":{"createCity":{"platform":"gcfv1","availableMemoryMb":null,"timeoutSeconds":null,"minInstances":null,"maxInstances":null,"ingressSettings":null,"serviceAccountEmail":null,"vpc":null,"httpsTrigger":{},"entryPoint":"createCity"}},"specVersion":"v1alpha1","requiredAPIs":[]}
[debug] [2023-04-19T23:33:47.203Z] shutdown requested via /__/quitquitquit

[info] ✔  functions: Loaded functions definitions from source: createCity. {"metadata":{"emulator":{"name":"functions"},"message":"Loaded functions definitions from source: createCity."}}
